<?xml version="1.0" encoding="UTF-8"?>
<testsuite name="com.delta.InteractiveShoppingList.InteractiveShoppingListApplicationTests" tests="1" skipped="0" failures="0" errors="0" timestamp="2019-03-27T19:27:56" hostname="DESKTOP-33KBA7O" time="0.062">
  <properties/>
  <testcase name="contextLoads" classname="com.delta.InteractiveShoppingList.InteractiveShoppingListApplicationTests" time="0.062"/>
  <system-out><![CDATA[20:27:51.766 [Test worker] DEBUG org.springframework.test.context.junit4.SpringJUnit4ClassRunner - SpringJUnit4ClassRunner constructor called with [class com.delta.InteractiveShoppingList.InteractiveShoppingListApplicationTests]
20:27:51.773 [Test worker] DEBUG org.springframework.test.context.BootstrapUtils - Instantiating CacheAwareContextLoaderDelegate from class [org.springframework.test.context.cache.DefaultCacheAwareContextLoaderDelegate]
20:27:51.792 [Test worker] DEBUG org.springframework.test.context.BootstrapUtils - Instantiating BootstrapContext using constructor [public org.springframework.test.context.support.DefaultBootstrapContext(java.lang.Class,org.springframework.test.context.CacheAwareContextLoaderDelegate)]
20:27:51.822 [Test worker] DEBUG org.springframework.test.context.BootstrapUtils - Instantiating TestContextBootstrapper for test class [com.delta.InteractiveShoppingList.InteractiveShoppingListApplicationTests] from class [org.springframework.boot.test.context.SpringBootTestContextBootstrapper]
20:27:51.843 [Test worker] INFO org.springframework.boot.test.context.SpringBootTestContextBootstrapper - Neither @ContextConfiguration nor @ContextHierarchy found for test class [com.delta.InteractiveShoppingList.InteractiveShoppingListApplicationTests], using SpringBootContextLoader
20:27:51.847 [Test worker] DEBUG org.springframework.test.context.support.AbstractContextLoader - Did not detect default resource location for test class [com.delta.InteractiveShoppingList.InteractiveShoppingListApplicationTests]: class path resource [com/delta/InteractiveShoppingList/InteractiveShoppingListApplicationTests-context.xml] does not exist
20:27:51.847 [Test worker] DEBUG org.springframework.test.context.support.AbstractContextLoader - Did not detect default resource location for test class [com.delta.InteractiveShoppingList.InteractiveShoppingListApplicationTests]: class path resource [com/delta/InteractiveShoppingList/InteractiveShoppingListApplicationTestsContext.groovy] does not exist
20:27:51.847 [Test worker] INFO org.springframework.test.context.support.AbstractContextLoader - Could not detect default resource locations for test class [com.delta.InteractiveShoppingList.InteractiveShoppingListApplicationTests]: no resource found for suffixes {-context.xml, Context.groovy}.
20:27:51.847 [Test worker] INFO org.springframework.test.context.support.AnnotationConfigContextLoaderUtils - Could not detect default configuration classes for test class [com.delta.InteractiveShoppingList.InteractiveShoppingListApplicationTests]: InteractiveShoppingListApplicationTests does not declare any static, non-private, non-final, nested classes annotated with @Configuration.
20:27:51.917 [Test worker] DEBUG org.springframework.test.context.support.ActiveProfilesUtils - Could not find an 'annotation declaring class' for annotation type [org.springframework.test.context.ActiveProfiles] and class [com.delta.InteractiveShoppingList.InteractiveShoppingListApplicationTests]
20:27:51.993 [Test worker] DEBUG org.springframework.context.annotation.ClassPathScanningCandidateComponentProvider - Identified candidate component class: file [G:\Github\InteractiveShoppingList\backend\build\classes\java\main\com\delta\InteractiveShoppingList\InteractiveShoppingListApplication.class]
20:27:51.997 [Test worker] INFO org.springframework.boot.test.context.SpringBootTestContextBootstrapper - Found @SpringBootConfiguration com.delta.InteractiveShoppingList.InteractiveShoppingListApplication for test class com.delta.InteractiveShoppingList.InteractiveShoppingListApplicationTests
20:27:52.123 [Test worker] DEBUG org.springframework.boot.test.context.SpringBootTestContextBootstrapper - @TestExecutionListeners is not present for class [com.delta.InteractiveShoppingList.InteractiveShoppingListApplicationTests]: using defaults.
20:27:52.123 [Test worker] INFO org.springframework.boot.test.context.SpringBootTestContextBootstrapper - Loaded default TestExecutionListener class names from location [META-INF/spring.factories]: [org.springframework.boot.test.autoconfigure.restdocs.RestDocsTestExecutionListener, org.springframework.boot.test.autoconfigure.web.client.MockRestServiceServerResetTestExecutionListener, org.springframework.boot.test.autoconfigure.web.servlet.MockMvcPrintOnlyOnFailureTestExecutionListener, org.springframework.boot.test.autoconfigure.web.servlet.WebDriverTestExecutionListener, org.springframework.boot.test.mock.mockito.MockitoTestExecutionListener, org.springframework.boot.test.mock.mockito.ResetMocksTestExecutionListener, org.springframework.test.context.web.ServletTestExecutionListener, org.springframework.test.context.support.DirtiesContextBeforeModesTestExecutionListener, org.springframework.test.context.support.DependencyInjectionTestExecutionListener, org.springframework.test.context.support.DirtiesContextTestExecutionListener, org.springframework.test.context.transaction.TransactionalTestExecutionListener, org.springframework.test.context.jdbc.SqlScriptsTestExecutionListener]
20:27:52.153 [Test worker] INFO org.springframework.boot.test.context.SpringBootTestContextBootstrapper - Using TestExecutionListeners: [org.springframework.test.context.web.ServletTestExecutionListener@ab1ca76, org.springframework.test.context.support.DirtiesContextBeforeModesTestExecutionListener@7177002d, org.springframework.boot.test.mock.mockito.MockitoTestExecutionListener@70ffc1ea, org.springframework.boot.test.autoconfigure.SpringBootDependencyInjectionTestExecutionListener@780de116, org.springframework.test.context.support.DirtiesContextTestExecutionListener@7ceb761b, org.springframework.test.context.transaction.TransactionalTestExecutionListener@355467c3, org.springframework.test.context.jdbc.SqlScriptsTestExecutionListener@3b2a1012, org.springframework.boot.test.autoconfigure.restdocs.RestDocsTestExecutionListener@2c384330, org.springframework.boot.test.autoconfigure.web.client.MockRestServiceServerResetTestExecutionListener@b44b302, org.springframework.boot.test.autoconfigure.web.servlet.MockMvcPrintOnlyOnFailureTestExecutionListener@1d38a7d6, org.springframework.boot.test.autoconfigure.web.servlet.WebDriverTestExecutionListener@76f98ee3, org.springframework.boot.test.mock.mockito.ResetMocksTestExecutionListener@183662cf]
20:27:52.156 [Test worker] DEBUG org.springframework.test.annotation.ProfileValueUtils - Retrieved @ProfileValueSourceConfiguration [null] for test class [com.delta.InteractiveShoppingList.InteractiveShoppingListApplicationTests]
20:27:52.156 [Test worker] DEBUG org.springframework.test.annotation.ProfileValueUtils - Retrieved ProfileValueSource type [class org.springframework.test.annotation.SystemProfileValueSource] for class [com.delta.InteractiveShoppingList.InteractiveShoppingListApplicationTests]
20:27:52.156 [Test worker] DEBUG org.springframework.test.annotation.ProfileValueUtils - Retrieved @ProfileValueSourceConfiguration [null] for test class [com.delta.InteractiveShoppingList.InteractiveShoppingListApplicationTests]
20:27:52.156 [Test worker] DEBUG org.springframework.test.annotation.ProfileValueUtils - Retrieved ProfileValueSource type [class org.springframework.test.annotation.SystemProfileValueSource] for class [com.delta.InteractiveShoppingList.InteractiveShoppingListApplicationTests]
20:27:52.162 [Test worker] DEBUG org.springframework.test.context.support.AbstractDirtiesContextTestExecutionListener - Before test class: context [DefaultTestContext@428e4faf testClass = InteractiveShoppingListApplicationTests, testInstance = [null], testMethod = [null], testException = [null], mergedContextConfiguration = [WebMergedContextConfiguration@299d167b testClass = InteractiveShoppingListApplicationTests, locations = '{}', classes = '{class com.delta.InteractiveShoppingList.InteractiveShoppingListApplication}', contextInitializerClasses = '[]', activeProfiles = '{}', propertySourceLocations = '{}', propertySourceProperties = '{org.springframework.boot.test.context.SpringBootTestContextBootstrapper=true}', contextCustomizers = set[org.springframework.boot.test.autoconfigure.properties.PropertyMappingContextCustomizer@0, org.springframework.boot.test.autoconfigure.web.servlet.WebDriverContextCustomizerFactory$Customizer@75d3e3fd, org.springframework.boot.test.context.filter.ExcludeFilterContextCustomizer@df0a249, org.springframework.boot.test.json.DuplicateJsonObjectContextCustomizerFactory$DuplicateJsonObjectContextCustomizer@3f44e2d1, org.springframework.boot.test.mock.mockito.MockitoContextCustomizer@0, org.springframework.boot.test.web.client.TestRestTemplateContextCustomizer@52d3330e], resourceBasePath = 'src/main/webapp', contextLoader = 'org.springframework.boot.test.context.SpringBootContextLoader', parent = [null]], attributes = map['org.springframework.test.context.web.ServletTestExecutionListener.activateListener' -> true]], class annotated with @DirtiesContext [false] with mode [null].
20:27:52.162 [Test worker] DEBUG org.springframework.test.annotation.ProfileValueUtils - Retrieved @ProfileValueSourceConfiguration [null] for test class [com.delta.InteractiveShoppingList.InteractiveShoppingListApplicationTests]
20:27:52.162 [Test worker] DEBUG org.springframework.test.annotation.ProfileValueUtils - Retrieved ProfileValueSource type [class org.springframework.test.annotation.SystemProfileValueSource] for class [com.delta.InteractiveShoppingList.InteractiveShoppingListApplicationTests]
20:27:52.186 [Test worker] DEBUG org.springframework.test.context.support.TestPropertySourceUtils - Adding inlined properties to environment: {spring.jmx.enabled=false, org.springframework.boot.test.context.SpringBootTestContextBootstrapper=true, server.port=-1}

  .   ____          _            __ _ _
 /\\ / ___'_ __ _ _(_)_ __  __ _ \ \ \ \
( ( )\___ | '_ | '_| | '_ \/ _` | \ \ \ \
 \\/  ___)| |_)| | | | | || (_| |  ) ) ) )
  '  |____| .__|_| |_|_| |_\__, | / / / /
 =========|_|==============|___/=/_/_/_/
 :: Spring Boot ::        (v2.1.2.RELEASE)

2019-03-27 20:27:52.502  INFO 9968 --- [    Test worker] .InteractiveShoppingListApplicationTests : Starting InteractiveShoppingListApplicationTests on DESKTOP-33KBA7O with PID 9968 (started by Sebastian in G:\Github\InteractiveShoppingList\backend)
2019-03-27 20:27:52.506  INFO 9968 --- [    Test worker] .InteractiveShoppingListApplicationTests : No active profile set, falling back to default profiles: default
2019-03-27 20:27:53.355  INFO 9968 --- [    Test worker] .s.d.r.c.RepositoryConfigurationDelegate : Bootstrapping Spring Data repositories in DEFAULT mode.
2019-03-27 20:27:53.386  INFO 9968 --- [    Test worker] .s.d.r.c.RepositoryConfigurationDelegate : Finished Spring Data repository scanning in 15ms. Found 0 repository interfaces.
2019-03-27 20:27:53.872  INFO 9968 --- [    Test worker] trationDelegate$BeanPostProcessorChecker : Bean 'org.springframework.transaction.annotation.ProxyTransactionManagementConfiguration' of type [org.springframework.transaction.annotation.ProxyTransactionManagementConfiguration$$EnhancerBySpringCGLIB$$dea03860] is not eligible for getting processed by all BeanPostProcessors (for example: not eligible for auto-proxying)
2019-03-27 20:27:54.126  INFO 9968 --- [    Test worker] com.zaxxer.hikari.HikariDataSource       : HikariPool-1 - Starting...
2019-03-27 20:27:54.386  INFO 9968 --- [    Test worker] com.zaxxer.hikari.HikariDataSource       : HikariPool-1 - Start completed.
2019-03-27 20:27:54.492  INFO 9968 --- [    Test worker] o.hibernate.jpa.internal.util.LogHelper  : HHH000204: Processing PersistenceUnitInfo [
	name: default
	...]
2019-03-27 20:27:54.586  INFO 9968 --- [    Test worker] org.hibernate.Version                    : HHH000412: Hibernate Core {5.3.7.Final}
2019-03-27 20:27:54.586  INFO 9968 --- [    Test worker] org.hibernate.cfg.Environment            : HHH000206: hibernate.properties not found
2019-03-27 20:27:54.792  INFO 9968 --- [    Test worker] o.hibernate.annotations.common.Version   : HCANN000001: Hibernate Commons Annotations {5.0.4.Final}
2019-03-27 20:27:54.992  INFO 9968 --- [    Test worker] org.hibernate.dialect.Dialect            : HHH000400: Using dialect: org.hibernate.dialect.H2Dialect
2019-03-27 20:27:55.292  INFO 9968 --- [    Test worker] o.h.t.schema.internal.SchemaCreatorImpl  : HHH000476: Executing import script 'org.hibernate.tool.schema.internal.exec.ScriptSourceInputNonExistentImpl@5de6d5a0'
2019-03-27 20:27:55.292  INFO 9968 --- [    Test worker] j.LocalContainerEntityManagerFactoryBean : Initialized JPA EntityManagerFactory for persistence unit 'default'
2019-03-27 20:27:56.146  INFO 9968 --- [    Test worker] o.s.s.concurrent.ThreadPoolTaskExecutor  : Initializing ExecutorService 'applicationTaskExecutor'
2019-03-27 20:27:56.222  WARN 9968 --- [    Test worker] aWebConfiguration$JpaWebMvcConfiguration : spring.jpa.open-in-view is enabled by default. Therefore, database queries may be performed during view rendering. Explicitly configure spring.jpa.open-in-view to disable this warning
2019-03-27 20:27:56.371  INFO 9968 --- [    Test worker] o.s.b.a.w.s.WelcomePageHandlerMapping    : Adding welcome page: class path resource [static/index.html]
2019-03-27 20:27:56.706  INFO 9968 --- [    Test worker] .InteractiveShoppingListApplicationTests : Started InteractiveShoppingListApplicationTests in 4.509 seconds (JVM running for 5.938)
]]></system-out>
  <system-err><![CDATA[]]></system-err>
</testsuite>
